[10:40:37] [ServerMain/INFO]: Environment: authHost='https://authserver.mojang.com', accountsHost='https://api.mojang.com', sessionHost='https://sessionserver.mojang.com', servicesHost='https://api.minecraftservices.com', name='PROD'
[10:40:40] [ServerMain/INFO]: Loaded 7 recipes
[10:40:42] [Server thread/INFO]: Starting minecraft server version 1.20.1
[10:40:42] [Server thread/INFO]: Loading properties
[10:40:42] [Server thread/INFO]: This server is running Paper version git-Paper-60 (MC: 1.20.1) (Implementing API version 1.20.1-R0.1-SNAPSHOT) (Git: f2c1e13)
[10:40:42] [Server thread/INFO]: Server Ping Player Sample Count: 12
[10:40:42] [Server thread/INFO]: Using 4 threads for Netty based IO
[10:40:42] [Server thread/WARN]: [!] The timings profiler has been enabled but has been scheduled for removal from Paper in the future.
    We recommend installing the spark profiler as a replacement: https://spark.lucko.me/
    For more information please visit: https://github.com/PaperMC/Paper/issues/8948
[10:40:42] [Server thread/INFO]: [ChunkTaskScheduler] Chunk system is using 1 I/O threads, 1 worker threads, and gen parallelism of 1 threads
[10:40:43] [Server thread/INFO]: Default game type: SURVIVAL
[10:40:43] [Server thread/INFO]: Generating keypair
[10:40:43] [Server thread/INFO]: Starting Minecraft server on *:25565
[10:40:43] [Server thread/INFO]: Using epoll channel type
[10:40:43] [Server thread/INFO]: Paper: Using libdeflate (Linux x86_64) compression from Velocity.
[10:40:43] [Server thread/INFO]: Paper: Using OpenSSL 1.1.x (Linux x86_64) cipher from Velocity.
[10:40:44] [Server thread/INFO]: [Skript] Loading server plugin Skript v2.7.0-beta3
[10:40:44] [Server thread/INFO]: [ServerTap] Loading server plugin ServerTap v0.4.0
[10:40:44] [Server thread/INFO]: Server permissions file permissions.yml is empty, ignoring it
[10:40:44] [Server thread/INFO]: [ServerTap] Enabling ServerTap v0.4.0
[10:40:44] [Server thread/INFO]: [ServerTap] No Vault plugin detected
[10:40:44] [Server thread/WARN]: [ServerTap] AUTH KEY IS SET TO DEFAULT "change_me"
[10:40:44] [Server thread/WARN]: [ServerTap] CHANGE THE key IN THE config.yml FILE
[10:40:44] [Server thread/WARN]: [ServerTap] FAILURE TO CHANGE THE KEY MAY RESULT IN SERVER COMPROMISE
[10:40:44] [Server thread/WARN]: [ServerTap] TLS is not enabled.
[10:40:44] [Server thread/INFO]: [ServerTap] Enabling CORS for *
[10:40:45] [Server thread/WARN]: [io.javalin.Javalin] JDK15 and Kotlin 1.5 break reflection in different ways - the OpenAPI plugin will not work properly. Please visit https://github.com/tipsy/javalin/issues/1193 if you want to help fix this issue.
[10:40:45] [Server thread/WARN]: [io.javalin.Javalin] You can disable this warning by doing `OpenApiVersionUtil.logWarnings = false`
[10:40:45] [Server thread/INFO]: [org.eclipse.jetty.util.log] Logging initialized @18047ms to org.eclipse.jetty.util.log.Slf4jLog
[10:40:45] [Server thread/INFO]: [io.javalin.Javalin] Starting Javalin ...
[10:40:45] [Server thread/INFO]: [io.javalin.Javalin] You are running Javalin 4.6.4 (released July 8, 2022. Your Javalin version is 357 days old. Consider checking for a newer version.).
[10:40:46] [Server thread/INFO]: [io.javalin.Javalin] Static file handler added: StaticFileConfig(hostedPath=/, directory=META-INF/resources/webjars, location=CLASSPATH, precompress=false, aliasCheck=null, headers={Cache-Control=max-age=31622400}). File system location: 'jar:file:/home/c286dsx0904/server-mc/plugins/ServerTap-0.4.0.jar!/META-INF/resources/webjars'
[10:40:46] [Server thread/INFO]: [io.javalin.Javalin] Listening on http://localhost:4567/
[10:40:46] [Server thread/INFO]: [io.javalin.Javalin] Javalin started in 1177ms \o/
[10:40:46] [Server thread/INFO]: Preparing level "world"
[10:40:47] [Server thread/INFO]: Preparing start region for dimension minecraft:overworld
[10:40:48] [Server thread/INFO]: Time elapsed: 465 ms
[10:40:48] [Server thread/INFO]: Preparing start region for dimension minecraft:the_nether
[10:40:48] [Server thread/INFO]: Time elapsed: 146 ms
[10:40:48] [Server thread/INFO]: Preparing start region for dimension minecraft:the_end
[10:40:48] [Server thread/INFO]: Time elapsed: 148 ms
[10:40:48] [Server thread/INFO]: [Skript] Enabling Skript v2.7.0-beta3
[10:40:49] [Server thread/INFO]: [Skript]     Missing lang enum constant for 'damage causes.KILL'
[10:40:49] [Server thread/INFO]: [Skript]     Missing lang enum constant for 'damage causes.WORLD_BORDER'
[10:40:49] [Server thread/INFO]: [Skript]     Missing lang enum constant for 'damage causes.KILL'
[10:40:49] [Server thread/INFO]: [Skript]     Missing lang enum constant for 'damage causes.WORLD_BORDER'
[10:40:49] [Server thread/INFO]: [Skript]     Missing lang enum constant for 'damage causes.KILL'
[10:40:49] [Server thread/INFO]: [Skript]     Missing lang enum constant for 'damage causes.WORLD_BORDER'
[10:40:50] [ForkJoinPool.commonPool-worker-1/INFO]: [Skript] You're currently running the latest stable version of Skript.
[10:41:02] [Server thread/INFO]: [Skript] Loaded 150750 aliases in 11760ms
[10:41:04] [Server thread/INFO]: [Skript]  ~ created by & ? Peter G?ttinger aka Njol ~
[10:41:04] [Server thread/INFO]: Running delayed init tasks
[10:41:05] [Server thread/INFO]: [Skript] All scripts loaded without errors.
[10:41:05] [Server thread/INFO]: [Skript] Loaded 1 script with a total of 6 structures in 1.12 seconds
[10:41:05] [Server thread/INFO]: [Skript] Finished loading.
[10:41:05] [Server thread/INFO]: [Skript] Loading variables...
[10:41:05] [Server thread/INFO]: [Skript] Loaded 0 variables in 0.0 seconds
[10:41:05] [Server thread/INFO]: Done (23.820s)! For help, type "help"
[10:41:05] [Server thread/INFO]: Timings Reset
[10:41:11] [Server thread/INFO]: [Skript] Reloading Boom.sk...
[10:41:12] [Server thread/INFO]: [Skript] Successfully reloaded Boom.sk. (291ms)
[10:45:50] [Server thread/INFO]: Stopping the server
[10:45:50] [Server thread/INFO]: Stopping server
[10:45:50] [Server thread/INFO]: [ServerTap] Disabling ServerTap v0.4.0
[10:45:50] [Server thread/INFO]: [ServerTap] Disabled Version 0.4.0
[10:45:50] [Server thread/INFO]: [io.javalin.Javalin] Stopping Javalin ...
[10:45:50] [Server thread/INFO]: [io.javalin.Javalin] Javalin has stopped
[10:45:50] [Server thread/INFO]: [Skript] Disabling Skript v2.7.0-beta3
[10:45:50] [Server thread/INFO]: Saving players
[10:45:50] [Server thread/INFO]: Saving worlds
[10:45:50] [Server thread/INFO]: Saving chunks for level 'ServerLevel[world]'/minecraft:overworld
[10:45:50] [Server thread/INFO]: [ChunkHolderManager] Waiting 60s for chunk system to halt for world 'world'
[10:45:50] [Server thread/INFO]: [ChunkHolderManager] Halted chunk system for world 'world'
[10:45:50] [Server thread/INFO]: [ChunkHolderManager] Saving all chunkholders for world 'world'
[10:45:53] [Server thread/INFO]: [ChunkHolderManager] Saved 2025 block chunks, 529 entity chunks, 1 poi chunks in world 'world' in 2.59s
[10:45:53] [Server thread/INFO]: ThreadedAnvilChunkStorage (world): All chunks are saved
[10:45:53] [Server thread/INFO]: Saving chunks for level 'ServerLevel[world_nether]'/minecraft:the_nether
[10:45:53] [Server thread/INFO]: [ChunkHolderManager] Waiting 60s for chunk system to halt for world 'world_nether'
[10:45:53] [Server thread/INFO]: [ChunkHolderManager] Halted chunk system for world 'world_nether'
[10:45:53] [Server thread/INFO]: [ChunkHolderManager] Saving all chunkholders for world 'world_nether'
[10:45:54] [Server thread/INFO]: [ChunkHolderManager] Saved 2025 block chunks, 529 entity chunks, 0 poi chunks in world 'world_nether' in 1.43s
[10:45:55] [Server thread/INFO]: ThreadedAnvilChunkStorage (DIM-1): All chunks are saved
[10:45:55] [Server thread/INFO]: Saving chunks for level 'ServerLevel[world_the_end]'/minecraft:the_end
[10:45:55] [Server thread/INFO]: [ChunkHolderManager] Waiting 60s for chunk system to halt for world 'world_the_end'
[10:45:55] [Server thread/INFO]: [ChunkHolderManager] Halted chunk system for world 'world_the_end'
[10:45:55] [Server thread/INFO]: [ChunkHolderManager] Saving all chunkholders for world 'world_the_end'
[10:45:55] [Server thread/INFO]: [ChunkHolderManager] Saved 529 block chunks, 529 entity chunks, 0 poi chunks in world 'world_the_end' in 0.17s
[10:45:55] [Server thread/INFO]: ThreadedAnvilChunkStorage (DIM1): All chunks are saved
[10:45:55] [Server thread/INFO]: ThreadedAnvilChunkStorage: All dimensions are saved
[10:45:55] [Server thread/INFO]: Flushing Chunk IO
[10:45:55] [Server thread/INFO]: Closing Thread Pool
[10:45:55] [Server thread/INFO]: Closing Server
